<?xml version="1.0" encoding="UTF-8"?>
<!-- Generated by org.testng.reporters.JUnitXMLReporter -->
<testsuite hostname="User-PC" tests="8" failures="0" timestamp="15 Oct 2015 09:01:53 GMT" time="270.135" errors="0">
  <testcase name="signInwithvalidCredential" time="6.674" classname="Firefox"/>
  <testcase name="Logout" time="5.458" classname="Firefox"/>
  <testcase name="signInwithInvalidCredential" time="8.124" classname="Firefox"/>
  <testcase name="ProcessOfPost" time="52.617" classname="Firefox"/>
  <testcase name="PrivacySettings" time="29.331" classname="Firefox"/>
  <testcase name="UpdateProfile" time="36.27" classname="Firefox"/>
  <testcase name="UploadMedia" time="56.22" classname="Firefox"/>
  <testcase name="UploadURL" time="64.0" classname="Firefox"/>
</testsuite>
