<?xml version="1.0" encoding="UTF-8"?>
<testng-results skipped="0" failed="0" total="8" passed="8">
  <reporter-output>
  </reporter-output>
  <suite name="Default suite" duration-ms="270135" started-at="2015-10-15T08:57:23Z" finished-at="2015-10-15T09:01:53Z">
    <groups>
    </groups>
    <test name="Default test" duration-ms="270135" started-at="2015-10-15T08:57:23Z" finished-at="2015-10-15T09:01:53Z">
      <class name="Firefox">
        <test-method status="PASS" signature="setUp()[pri:0, instance:Firefox@1e0a01f]" name="setUp" is-config="true" duration-ms="11030" started-at="2015-10-15T14:27:23Z" finished-at="2015-10-15T14:27:34Z">
          <reporter-output>
          </reporter-output>
        </test-method> <!-- setUp -->
        <test-method status="PASS" signature="signInwithvalidCredential()[pri:0, instance:Firefox@1e0a01f]" name="signInwithvalidCredential" duration-ms="6674" started-at="2015-10-15T14:27:34Z" finished-at="2015-10-15T14:27:40Z">
          <reporter-output>
          </reporter-output>
        </test-method> <!-- signInwithvalidCredential -->
        <test-method status="PASS" signature="Logout()[pri:0, instance:Firefox@1e0a01f]" name="Logout" duration-ms="5458" started-at="2015-10-15T14:27:40Z" finished-at="2015-10-15T14:27:46Z">
          <reporter-output>
          </reporter-output>
        </test-method> <!-- Logout -->
        <test-method status="PASS" signature="signInwithInvalidCredential()[pri:0, instance:Firefox@1e0a01f]" name="signInwithInvalidCredential" duration-ms="8124" started-at="2015-10-15T14:27:46Z" finished-at="2015-10-15T14:27:54Z">
          <reporter-output>
          </reporter-output>
        </test-method> <!-- signInwithInvalidCredential -->
        <test-method status="PASS" signature="ProcessOfPost()[pri:0, instance:Firefox@1e0a01f]" name="ProcessOfPost" duration-ms="52617" started-at="2015-10-15T14:27:54Z" finished-at="2015-10-15T14:28:47Z">
          <reporter-output>
          </reporter-output>
        </test-method> <!-- ProcessOfPost -->
        <test-method status="PASS" signature="PrivacySettings()[pri:0, instance:Firefox@1e0a01f]" name="PrivacySettings" duration-ms="29331" started-at="2015-10-15T14:28:47Z" finished-at="2015-10-15T14:29:16Z">
          <reporter-output>
          </reporter-output>
        </test-method> <!-- PrivacySettings -->
        <test-method status="PASS" signature="UpdateProfile()[pri:0, instance:Firefox@1e0a01f]" name="UpdateProfile" duration-ms="36270" started-at="2015-10-15T14:29:16Z" finished-at="2015-10-15T14:29:52Z">
          <reporter-output>
          </reporter-output>
        </test-method> <!-- UpdateProfile -->
        <test-method status="PASS" signature="UploadMedia()[pri:0, instance:Firefox@1e0a01f]" name="UploadMedia" duration-ms="56220" started-at="2015-10-15T14:29:52Z" finished-at="2015-10-15T14:30:48Z">
          <reporter-output>
          </reporter-output>
        </test-method> <!-- UploadMedia -->
        <test-method status="PASS" signature="UploadURL()[pri:0, instance:Firefox@1e0a01f]" name="UploadURL" duration-ms="64000" started-at="2015-10-15T14:30:48Z" finished-at="2015-10-15T14:31:52Z">
          <reporter-output>
          </reporter-output>
        </test-method> <!-- UploadURL -->
        <test-method status="PASS" signature="tearDown()[pri:0, instance:Firefox@1e0a01f]" name="tearDown" is-config="true" duration-ms="394" started-at="2015-10-15T14:31:52Z" finished-at="2015-10-15T14:31:53Z">
          <reporter-output>
          </reporter-output>
        </test-method> <!-- tearDown -->
      </class> <!-- Firefox -->
    </test> <!-- Default test -->
  </suite> <!-- Default suite -->
</testng-results>
